<?xml version="1.0" encoding="UTF-8"?>
<!-- Generated by org.testng.reporters.JUnitReportReporter -->
<testsuite hostname="AILT-100416" failures="0" tests="1" name="_003_com.Configurations.S05_Review_Period_Magnagement" time="35.340" errors="0" timestamp="2023-12-02T10:09:04 IST" skipped="0">
  <testcase classname="_003_com.Configurations.S05_Review_Period_Magnagement" name="A" time="35.340"/>
  <system-out/>
</testsuite> <!-- _003_com.Configurations.S05_Review_Period_Magnagement -->
