<?xml version="1.0" encoding="UTF-8"?>
<!-- Generated by org.testng.reporters.JUnitReportReporter -->
<testsuite hostname="AILT-100416" failures="0" tests="1" name="com.Configurations.S02_Plant_Document_Type_Mapping" time="34.616" errors="0" timestamp="2023-11-21T15:20:29 IST" skipped="0">
  <testcase classname="com.Configurations.S02_Plant_Document_Type_Mapping" name="A" time="34.616"/>
  <system-out/>
</testsuite> <!-- com.Configurations.S02_Plant_Document_Type_Mapping -->
