<?xml version="1.0" encoding="UTF-8"?>
<!-- Generated by org.testng.reporters.JUnitReportReporter -->
<testsuite hostname="AILT-100416" failures="0" tests="1" name="_01_DMS_PositiveFlow_Phase_1A.S01_RqstForNewDoc_Initiator_Submit" time="6.949" errors="0" timestamp="2023-11-24T14:20:02 IST" skipped="0">
  <testcase classname="_01_DMS_PositiveFlow_Phase_1A.S01_RqstForNewDoc_Initiator_Submit" name="A" time="6.949"/>
  <system-out/>
</testsuite> <!-- _01_DMS_PositiveFlow_Phase_1A.S01_RqstForNewDoc_Initiator_Submit -->
