<?xml version="1.0" encoding="UTF-8"?>
<!-- Generated by org.testng.reporters.JUnitReportReporter -->
<testsuite hostname="AILT-100416" failures="0" tests="1" name="com.Configurations.S01_Document_Type_Feild_Mapping" time="33.501" errors="0" timestamp="2023-11-20T09:30:47 IST" skipped="0">
  <testcase classname="com.Configurations.S01_Document_Type_Feild_Mapping" name="A" time="33.501"/>
  <system-out/>
</testsuite> <!-- com.Configurations.S01_Document_Type_Feild_Mapping -->
