<?xml version="1.0" encoding="UTF-8"?>
<!-- Generated by org.testng.reporters.JUnitReportReporter -->
<testsuite hostname="AILT-100416" failures="0" tests="1" name="_003_com.Configurations.ReviewperiodMagnagement" time="34.132" errors="0" timestamp="2023-11-29T10:53:34 IST" skipped="0">
  <testcase classname="_003_com.Configurations.ReviewperiodMagnagement" name="A" time="34.132"/>
  <system-out/>
</testsuite> <!-- _003_com.Configurations.ReviewperiodMagnagement -->
