<?xml version="1.0" encoding="UTF-8"?>
<!-- Generated by org.testng.reporters.JUnitReportReporter -->
<testsuite hostname="AILT-100416" failures="0" tests="1" name="_003_com.Configurations.S03_Document_version_management" time="33.282" errors="0" timestamp="2023-12-02T10:17:03 IST" skipped="0">
  <testcase classname="_003_com.Configurations.S03_Document_version_management" name="A" time="33.282"/>
  <system-out/>
</testsuite> <!-- _003_com.Configurations.S03_Document_version_management -->
